
> react-typescript-starter@0.1.0 test
> react-scripts test --coverage

Browserslist: caniuse-lite is outdated. Please run:
  npx browserslist@latest --update-db
  Why you should do it regularly: https://github.com/browserslist/browserslist#browsers-data-updating
Browserslist: caniuse-lite is outdated. Please run:
  npx browserslist@latest --update-db
  Why you should do it regularly: https://github.com/browserslist/browserslist#browsers-data-updating
Browserslist: caniuse-lite is outdated. Please run:
  npx browserslist@latest --update-db
  Why you should do it regularly: https://github.com/browserslist/browserslist#browsers-data-updating
PASS src/functions.test.ts
FAIL src/arrays.test.ts
  ● Testing the array functions › Testing the injectPositive function

    expect(received).toEqual(expected) // deep equality

    - Expected  - 1
    + Received  + 1

      Array [
        1,
        2,
        3,
    -   6,
    +   0,
      ]

      263 |     // injectPositive
      264 |     test("Testing the injectPositive function", () => {
    > 265 |         expect(injectPositive(NUMBERS_1)).toEqual([1, 2, 3, 6]);
          |                                           ^
      266 |         expect(injectPositive(NUMBERS_2)).toEqual([100, 300, 200, 600]);
      267 |         expect(injectPositive(NUMBERS_3)).toEqual([5, 5]);
      268 |         expect(injectPositive(NUMBERS_4)).toEqual([0]);

      at Object.<anonymous> (src/arrays.test.ts:265:43)

PASS src/HtmlCss.test.tsx
PASS src/text.test.tsx
PASS src/App.test.tsx
--------------|---------|----------|---------|---------|-------------------
File          | % Stmts | % Branch | % Funcs | % Lines | Uncovered Line #s 
--------------|---------|----------|---------|---------|-------------------
All files     |   94.11 |    93.33 |   96.29 |   93.54 |                   
 App.tsx      |     100 |      100 |     100 |     100 |                   
 arrays.ts    |   93.87 |       90 |      95 |   93.02 | 118,123,130       
 functions.ts |   94.11 |      100 |     100 |   94.11 | 58                
--------------|---------|----------|---------|---------|-------------------

Test Suites: 1 failed, 4 passed, 5 total
Tests:       1 failed, 22 passed, 23 total
Snapshots:   0 total
Time:        3.446 s
Ran all test suites.
